<?xml version="1.0" encoding="UTF-8"?>
<testsuite xmlns:xsi="http://www.w3.org/2001/XMLSchema-instance" xsi:noNamespaceSchemaLocation="https://maven.apache.org/surefire/maven-surefire-plugin/xsd/surefire-test-report.xsd" name="tiger.api.test.runner.TestRunner" time="6.239" tests="6" errors="0" skipped="0" failures="0">
  <properties>
[...]
</properties>
  <testcase name="runTest[1][1]" classname="tiger.api.test.runner.TestRunner" time="1.495"/>
  <testcase name="runTest[1][2]" classname="tiger.api.test.runner.TestRunner" time="0.342"/>
  <testcase name="runTest[1][3]" classname="tiger.api.test.runner.TestRunner" time="1.096"/>
  <testcase name="runTest[2][1]" classname="tiger.api.test.runner.TestRunner" time="0.6"/>
  <testcase name="runTest[2][2]" classname="tiger.api.test.runner.TestRunner" time="0.209"/>
  <testcase name="runTest[2][3]" classname="tiger.api.test.runner.TestRunner" time="0.778"/>
</testsuite>